# JRE version: Java(TM) SE Runtime Environment (23.0.1+11) (build 23.0.1+11-39)
# Java VM: Java HotSpot(TM) 64-Bit Server VM (23.0.1+11-39, mixed mode, sharing, tiered, compressed oops, compressed class ptrs, g1 gc, windows-amd64)
GC Precious Log:
 CardTable entry size: 512
 Card Set container configuration: InlinePtr #cards 5 size 8 Array Of Cards #cards 10 size 36 Howl #buckets 4 coarsen threshold 1843 Howl Bitmap #cards 512 size 80 coarsen threshold 460 Card regions per heap region 1 cards per card region 2048
 CPUs: 16 total, 16 available
 Memory: 7876M
 Large Page Support: Disabled
 NUMA Support: Disabled
 Compressed Oops: Enabled (32-bit)
 Heap Region Size: 1M
 Heap Min Capacity: 8M
 Heap Initial Capacity: 124M
 Heap Max Capacity: 1970M
 Pre-touch: Disabled
 Parallel Workers: 13
 Concurrent Workers: 3
 Concurrent Refinement Workers: 13
 Periodic GC: Disabled
Heap:
 garbage-first heap   total reserved 2017280K, committed 294912K, used 109919K [0x0000000084e00000, 0x0000000100000000)
  region size 1024K, 26 young (26624K), 14 survivors (14336K)
 Metaspace       used 102069K, committed 102976K, reserved 1179648K
  class space    used 14291K, committed 14656K, reserved 1048576K
GC Heap History (20 events):
Event: 10.076 GC heap before
{Heap before GC invocations=22 (full 0):
 garbage-first heap   total reserved 2017280K, committed 82944K, used 72704K [0x0000000084e00000, 0x0000000100000000)
  region size 1024K, 31 young (31744K), 5 survivors (5120K)
 Metaspace       used 83613K, committed 84288K, reserved 1179648K
  class space    used 11878K, committed 12160K, reserved 1048576K
}
Event: 10.082 GC heap after
{Heap after GC invocations=23 (full 0):
 garbage-first heap   total reserved 2017280K, committed 102400K, used 52621K [0x0000000084e00000, 0x0000000100000000)
  region size 1024K, 4 young (4096K), 4 survivors (4096K)
 Metaspace       used 83613K, committed 84288K, reserved 1179648K
  class space    used 11878K, committed 12160K, reserved 1048576K
}
Event: 10.190 GC heap before
{Heap before GC invocations=24 (full 0):
 garbage-first heap   total reserved 2017280K, committed 102400K, used 85389K [0x0000000084e00000, 0x0000000100000000)
  region size 1024K, 36 young (36864K), 4 survivors (4096K)
 Metaspace       used 83613K, committed 84288K, reserved 1179648K
  class space    used 11878K, committed 12160K, reserved 1048576K
}
Event: 10.193 GC heap after
{Heap after GC invocations=25 (full 0):
 garbage-first heap   total reserved 2017280K, committed 102400K, used 54880K [0x0000000084e00000, 0x0000000100000000)
  region size 1024K, 2 young (2048K), 2 survivors (2048K)
 Metaspace       used 83613K, committed 84288K, reserved 1179648K
  class space    used 11878K, committed 12160K, reserved 1048576K
}
Event: 10.268 GC heap before
{Heap before GC invocations=25 (full 0):
 garbage-first heap   total reserved 2017280K, committed 102400K, used 87648K [0x0000000084e00000, 0x0000000100000000)
  region size 1024K, 34 young (34816K), 2 survivors (2048K)
 Metaspace       used 83700K, committed 84352K, reserved 1179648K
  class space    used 11888K, committed 12160K, reserved 1048576K
}
Event: 10.275 GC heap after
{Heap after GC invocations=26 (full 0):
 garbage-first heap   total reserved 2017280K, committed 102400K, used 64261K [0x0000000084e00000, 0x0000000100000000)
  region size 1024K, 5 young (5120K), 5 survivors (5120K)
 Metaspace       used 83700K, committed 84352K, reserved 1179648K
  class space    used 11888K, committed 12160K, reserved 1048576K
}
Event: 10.312 GC heap before
{Heap before GC invocations=26 (full 0):
 garbage-first heap   total reserved 2017280K, committed 102400K, used 87813K [0x0000000084e00000, 0x0000000100000000)
  region size 1024K, 28 young (28672K), 5 survivors (5120K)
 Metaspace       used 83700K, committed 84352K, reserved 1179648K
  class space    used 11888K, committed 12160K, reserved 1048576K
}
Event: 10.319 GC heap after
{Heap after GC invocations=27 (full 0):
 garbage-first heap   total reserved 2017280K, committed 102400K, used 71680K [0x0000000084e00000, 0x0000000100000000)
  region size 1024K, 4 young (4096K), 4 survivors (4096K)
 Metaspace       used 83700K, committed 84352K, reserved 1179648K
  class space    used 11888K, committed 12160K, reserved 1048576K
}
Event: 10.362 GC heap before
{Heap before GC invocations=28 (full 0):
 garbage-first heap   total reserved 2017280K, committed 119808K, used 90112K [0x0000000084e00000, 0x0000000100000000)
  region size 1024K, 22 young (22528K), 4 survivors (4096K)
 Metaspace       used 83700K, committed 84352K, reserved 1179648K
  class space    used 11888K, committed 12160K, reserved 1048576K
}
Event: 10.368 GC heap after
{Heap after GC invocations=29 (full 0):
 garbage-first heap   total reserved 2017280K, committed 119808K, used 78697K [0x0000000084e00000, 0x0000000100000000)
  region size 1024K, 3 young (3072K), 3 survivors (3072K)
 Metaspace       used 83700K, committed 84352K, reserved 1179648K
  class space    used 11888K, committed 12160K, reserved 1048576K
}
Event: 10.398 GC heap before
{Heap before GC invocations=29 (full 0):
 garbage-first heap   total reserved 2017280K, committed 119808K, used 102249K [0x0000000084e00000, 0x0000000100000000)
  region size 1024K, 26 young (26624K), 3 survivors (3072K)
 Metaspace       used 83700K, committed 84352K, reserved 1179648K
  class space    used 11888K, committed 12160K, reserved 1048576K
}
Event: 10.404 GC heap after
{Heap after GC invocations=30 (full 0):
 garbage-first heap   total reserved 2017280K, committed 119808K, used 85348K [0x0000000084e00000, 0x0000000100000000)
  region size 1024K, 4 young (4096K), 4 survivors (4096K)
 Metaspace       used 83700K, committed 84352K, reserved 1179648K
  class space    used 11888K, committed 12160K, reserved 1048576K
}
Event: 10.437 GC heap before
{Heap before GC invocations=30 (full 0):
 garbage-first heap   total reserved 2017280K, committed 119808K, used 103780K [0x0000000084e00000, 0x0000000100000000)
  region size 1024K, 22 young (22528K), 4 survivors (4096K)
 Metaspace       used 83700K, committed 84352K, reserved 1179648K
  class space    used 11888K, committed 12160K, reserved 1048576K
}
Event: 10.442 GC heap after
{Heap after GC invocations=31 (full 0):
 garbage-first heap   total reserved 2017280K, committed 294912K, used 88817K [0x0000000084e00000, 0x0000000100000000)
  region size 1024K, 3 young (3072K), 3 survivors (3072K)
 Metaspace       used 83700K, committed 84352K, reserved 1179648K
  class space    used 11888K, committed 12160K, reserved 1048576K
}
Event: 10.677 GC heap before
{Heap before GC invocations=32 (full 0):
 garbage-first heap   total reserved 2017280K, committed 294912K, used 198385K [0x0000000084e00000, 0x0000000100000000)
  region size 1024K, 110 young (112640K), 3 survivors (3072K)
 Metaspace       used 83888K, committed 84544K, reserved 1179648K
  class space    used 11907K, committed 12224K, reserved 1048576K
}
Event: 10.683 GC heap after
{Heap after GC invocations=33 (full 0):
 garbage-first heap   total reserved 2017280K, committed 294912K, used 92426K [0x0000000084e00000, 0x0000000100000000)
  region size 1024K, 7 young (7168K), 7 survivors (7168K)
 Metaspace       used 83888K, committed 84544K, reserved 1179648K
  class space    used 11907K, committed 12224K, reserved 1048576K
}
Event: 11.118 GC heap before
{Heap before GC invocations=33 (full 0):
 garbage-first heap   total reserved 2017280K, committed 294912K, used 196874K [0x0000000084e00000, 0x0000000100000000)
  region size 1024K, 109 young (111616K), 7 survivors (7168K)
 Metaspace       used 85800K, committed 86528K, reserved 1179648K
  class space    used 12084K, committed 12416K, reserved 1048576K
}
Event: 11.124 GC heap after
{Heap after GC invocations=34 (full 0):
 garbage-first heap   total reserved 2017280K, committed 294912K, used 91515K [0x0000000084e00000, 0x0000000100000000)
  region size 1024K, 9 young (9216K), 9 survivors (9216K)
 Metaspace       used 85800K, committed 86528K, reserved 1179648K
  class space    used 12084K, committed 12416K, reserved 1048576K
}
Event: 302.046 GC heap before
{Heap before GC invocations=34 (full 0):
 garbage-first heap   total reserved 2017280K, committed 294912K, used 208251K [0x0000000084e00000, 0x0000000100000000)
  region size 1024K, 123 young (125952K), 9 survivors (9216K)
 Metaspace       used 101497K, committed 102336K, reserved 1179648K
  class space    used 14287K, committed 14656K, reserved 1048576K
}
Event: 302.297 GC heap after
{Heap after GC invocations=35 (full 0):
 garbage-first heap   total reserved 2017280K, committed 294912K, used 98655K [0x0000000084e00000, 0x0000000100000000)
  region size 1024K, 14 young (14336K), 14 survivors (14336K)
 Metaspace       used 101497K, committed 102336K, reserved 1179648K
  class space    used 14287K, committed 14656K, reserved 1048576K
}

