# JRE version: Java(TM) SE Runtime Environment (23.0.1+11) (build 23.0.1+11-39)
# Java VM: Java HotSpot(TM) 64-Bit Server VM (23.0.1+11-39, mixed mode, sharing, tiered, compressed oops, compressed class ptrs, g1 gc, windows-amd64)
GC Precious Log:
 CardTable entry size: 512
 Card Set container configuration: InlinePtr #cards 5 size 8 Array Of Cards #cards 10 size 36 Howl #buckets 4 coarsen threshold 1843 Howl Bitmap #cards 512 size 80 coarsen threshold 460 Card regions per heap region 1 cards per card region 2048
 CPUs: 16 total, 16 available
 Memory: 7876M
 Large Page Support: Disabled
 NUMA Support: Disabled
 Compressed Oops: Enabled (32-bit)
 Heap Region Size: 1M
 Heap Min Capacity: 8M
 Heap Initial Capacity: 124M
 Heap Max Capacity: 1970M
 Pre-touch: Disabled
 Parallel Workers: 13
 Concurrent Workers: 3
 Concurrent Refinement Workers: 13
 Periodic GC: Disabled
Heap:
 garbage-first heap   total reserved 2017280K, committed 95232K, used 57878K [0x0000000084e00000, 0x0000000100000000)
  region size 1024K, 3 young (3072K), 3 survivors (3072K)
 Metaspace       used 82955K, committed 83648K, reserved 1179648K
  class space    used 11827K, committed 12096K, reserved 1048576K
GC Heap History (20 events):
Event: 5.927 GC heap after
{Heap after GC invocations=13 (full 0):
 garbage-first heap   total reserved 2017280K, committed 68608K, used 32674K [0x0000000084e00000, 0x0000000100000000)
  region size 1024K, 4 young (4096K), 4 survivors (4096K)
 Metaspace       used 59669K, committed 60288K, reserved 1114112K
  class space    used 8027K, committed 8320K, reserved 1048576K
}
Event: 6.325 GC heap before
{Heap before GC invocations=14 (full 0):
 garbage-first heap   total reserved 2017280K, committed 68608K, used 58274K [0x0000000084e00000, 0x0000000100000000)
  region size 1024K, 30 young (30720K), 4 survivors (4096K)
 Metaspace       used 66573K, committed 67200K, reserved 1114112K
  class space    used 9133K, committed 9408K, reserved 1048576K
}
Event: 6.330 GC heap after
{Heap after GC invocations=15 (full 0):
 garbage-first heap   total reserved 2017280K, committed 68608K, used 33864K [0x0000000084e00000, 0x0000000100000000)
  region size 1024K, 3 young (3072K), 3 survivors (3072K)
 Metaspace       used 66573K, committed 67200K, reserved 1114112K
  class space    used 9133K, committed 9408K, reserved 1048576K
}
Event: 6.602 GC heap before
{Heap before GC invocations=15 (full 0):
 garbage-first heap   total reserved 2017280K, committed 68608K, used 60488K [0x0000000084e00000, 0x0000000100000000)
  region size 1024K, 29 young (29696K), 3 survivors (3072K)
 Metaspace       used 68941K, committed 69568K, reserved 1114112K
  class space    used 9467K, committed 9728K, reserved 1048576K
}
Event: 6.607 GC heap after
{Heap after GC invocations=16 (full 0):
 garbage-first heap   total reserved 2017280K, committed 68608K, used 33927K [0x0000000084e00000, 0x0000000100000000)
  region size 1024K, 2 young (2048K), 2 survivors (2048K)
 Metaspace       used 68941K, committed 69568K, reserved 1114112K
  class space    used 9467K, committed 9728K, reserved 1048576K
}
Event: 7.129 GC heap before
{Heap before GC invocations=16 (full 0):
 garbage-first heap   total reserved 2017280K, committed 68608K, used 60551K [0x0000000084e00000, 0x0000000100000000)
  region size 1024K, 29 young (29696K), 2 survivors (2048K)
 Metaspace       used 74605K, committed 75264K, reserved 1179648K
  class space    used 10296K, committed 10560K, reserved 1048576K
}
Event: 7.134 GC heap after
{Heap after GC invocations=17 (full 0):
 garbage-first heap   total reserved 2017280K, committed 82944K, used 35975K [0x0000000084e00000, 0x0000000100000000)
  region size 1024K, 4 young (4096K), 4 survivors (4096K)
 Metaspace       used 74605K, committed 75264K, reserved 1179648K
  class space    used 10296K, committed 10560K, reserved 1048576K
}
Event: 7.678 GC heap before
{Heap before GC invocations=18 (full 0):
 garbage-first heap   total reserved 2017280K, committed 82944K, used 71815K [0x0000000084e00000, 0x0000000100000000)
  region size 1024K, 40 young (40960K), 4 survivors (4096K)
 Metaspace       used 78527K, committed 79104K, reserved 1179648K
  class space    used 11003K, committed 11264K, reserved 1048576K
}
Event: 7.682 GC heap after
{Heap after GC invocations=19 (full 0):
 garbage-first heap   total reserved 2017280K, committed 82944K, used 39015K [0x0000000084e00000, 0x0000000100000000)
  region size 1024K, 5 young (5120K), 5 survivors (5120K)
 Metaspace       used 78527K, committed 79104K, reserved 1179648K
  class space    used 11003K, committed 11264K, reserved 1048576K
}
Event: 7.778 GC heap before
{Heap before GC invocations=19 (full 0):
 garbage-first heap   total reserved 2017280K, committed 82944K, used 71783K [0x0000000084e00000, 0x0000000100000000)
  region size 1024K, 37 young (37888K), 5 survivors (5120K)
 Metaspace       used 78590K, committed 79232K, reserved 1179648K
  class space    used 11009K, committed 11264K, reserved 1048576K
}
Event: 7.784 GC heap after
{Heap after GC invocations=20 (full 0):
 garbage-first heap   total reserved 2017280K, committed 86016K, used 46222K [0x0000000084e00000, 0x0000000100000000)
  region size 1024K, 5 young (5120K), 5 survivors (5120K)
 Metaspace       used 78590K, committed 79232K, reserved 1179648K
  class space    used 11009K, committed 11264K, reserved 1048576K
}
Event: 7.980 GC heap before
{Heap before GC invocations=20 (full 0):
 garbage-first heap   total reserved 2017280K, committed 86016K, used 71822K [0x0000000084e00000, 0x0000000100000000)
  region size 1024K, 31 young (31744K), 5 survivors (5120K)
 Metaspace       used 80631K, committed 81280K, reserved 1179648K
  class space    used 11445K, committed 11712K, reserved 1048576K
}
Event: 7.984 GC heap after
{Heap after GC invocations=21 (full 0):
 garbage-first heap   total reserved 2017280K, committed 86016K, used 50126K [0x0000000084e00000, 0x0000000100000000)
  region size 1024K, 4 young (4096K), 4 survivors (4096K)
 Metaspace       used 80631K, committed 81280K, reserved 1179648K
  class space    used 11445K, committed 11712K, reserved 1048576K
}
Event: 8.166 GC heap before
{Heap before GC invocations=22 (full 0):
 garbage-first heap   total reserved 2017280K, committed 86016K, used 72654K [0x0000000084e00000, 0x0000000100000000)
  region size 1024K, 27 young (27648K), 4 survivors (4096K)
 Metaspace       used 82940K, committed 83584K, reserved 1179648K
  class space    used 11827K, committed 12096K, reserved 1048576K
}
Event: 8.169 GC heap after
{Heap after GC invocations=23 (full 0):
 garbage-first heap   total reserved 2017280K, committed 86016K, used 50828K [0x0000000084e00000, 0x0000000100000000)
  region size 1024K, 3 young (3072K), 3 survivors (3072K)
 Metaspace       used 82940K, committed 83584K, reserved 1179648K
  class space    used 11827K, committed 12096K, reserved 1048576K
}
Event: 8.187 GC heap before
{Heap before GC invocations=23 (full 0):
 garbage-first heap   total reserved 2017280K, committed 86016K, used 74380K [0x0000000084e00000, 0x0000000100000000)
  region size 1024K, 26 young (26624K), 3 survivors (3072K)
 Metaspace       used 82942K, committed 83584K, reserved 1179648K
  class space    used 11827K, committed 12096K, reserved 1048576K
}
Event: 8.190 GC heap after
{Heap after GC invocations=24 (full 0):
 garbage-first heap   total reserved 2017280K, committed 86016K, used 53370K [0x0000000084e00000, 0x0000000100000000)
  region size 1024K, 4 young (4096K), 4 survivors (4096K)
 Metaspace       used 82942K, committed 83584K, reserved 1179648K
  class space    used 11827K, committed 12096K, reserved 1048576K
}
Event: 8.214 GC heap before
{Heap before GC invocations=24 (full 0):
 garbage-first heap   total reserved 2017280K, committed 86016K, used 74874K [0x0000000084e00000, 0x0000000100000000)
  region size 1024K, 25 young (25600K), 4 survivors (4096K)
 Metaspace       used 82955K, committed 83648K, reserved 1179648K
  class space    used 11827K, committed 12096K, reserved 1048576K
}
Event: 8.217 GC heap after
{Heap after GC invocations=25 (full 0):
 garbage-first heap   total reserved 2017280K, committed 86016K, used 57928K [0x0000000084e00000, 0x0000000100000000)
  region size 1024K, 4 young (4096K), 4 survivors (4096K)
 Metaspace       used 82955K, committed 83648K, reserved 1179648K
  class space    used 11827K, committed 12096K, reserved 1048576K
}
Event: 8.242 GC heap before
{Heap before GC invocations=26 (full 0):
 garbage-first heap   total reserved 2017280K, committed 91136K, used 71240K [0x0000000084e00000, 0x0000000100000000)
  region size 1024K, 21 young (21504K), 4 survivors (4096K)
 Metaspace       used 82955K, committed 83648K, reserved 1179648K
  class space    used 11827K, committed 12096K, reserved 1048576K
}

