# JRE version: Java(TM) SE Runtime Environment (23.0.1+11) (build 23.0.1+11-39)
# Java VM: Java HotSpot(TM) 64-Bit Server VM (23.0.1+11-39, mixed mode, sharing, tiered, compressed oops, compressed class ptrs, g1 gc, windows-amd64)
GC Precious Log:
 CardTable entry size: 512
 Card Set container configuration: InlinePtr #cards 5 size 8 Array Of Cards #cards 10 size 36 Howl #buckets 4 coarsen threshold 1843 Howl Bitmap #cards 512 size 80 coarsen threshold 460 Card regions per heap region 1 cards per card region 2048
 CPUs: 16 total, 16 available
 Memory: 7876M
 Large Page Support: Disabled
 NUMA Support: Disabled
 Compressed Oops: Enabled (32-bit)
 Heap Region Size: 1M
 Heap Min Capacity: 8M
 Heap Initial Capacity: 124M
 Heap Max Capacity: 1970M
 Pre-touch: Disabled
 Parallel Workers: 13
 Concurrent Workers: 3
 Concurrent Refinement Workers: 13
 Periodic GC: Disabled
Heap:
 garbage-first heap   total reserved 2017280K, committed 132096K, used 84857K [0x0000000084e00000, 0x0000000100000000)
  region size 1024K, 3 young (3072K), 3 survivors (3072K)
 Metaspace       used 83372K, committed 83968K, reserved 1179648K
  class space    used 11849K, committed 12096K, reserved 1048576K
GC Heap History (20 events):
Event: 6.571 GC heap after
{Heap after GC invocations=17 (full 0):
 garbage-first heap   total reserved 2017280K, committed 82944K, used 37954K [0x0000000084e00000, 0x0000000100000000)
  region size 1024K, 5 young (5120K), 5 survivors (5120K)
 Metaspace       used 78598K, committed 79232K, reserved 1179648K
  class space    used 10941K, committed 11200K, reserved 1048576K
}
Event: 6.720 GC heap before
{Heap before GC invocations=17 (full 0):
 garbage-first heap   total reserved 2017280K, committed 82944K, used 71746K [0x0000000084e00000, 0x0000000100000000)
  region size 1024K, 38 young (38912K), 5 survivors (5120K)
 Metaspace       used 79225K, committed 79872K, reserved 1179648K
  class space    used 11020K, committed 11328K, reserved 1048576K
}
Event: 6.724 GC heap after
{Heap after GC invocations=18 (full 0):
 garbage-first heap   total reserved 2017280K, committed 82944K, used 40427K [0x0000000084e00000, 0x0000000100000000)
  region size 1024K, 5 young (5120K), 5 survivors (5120K)
 Metaspace       used 79225K, committed 79872K, reserved 1179648K
  class space    used 11020K, committed 11328K, reserved 1048576K
}
Event: 6.826 GC heap before
{Heap before GC invocations=19 (full 0):
 garbage-first heap   total reserved 2017280K, committed 82944K, used 72171K [0x0000000084e00000, 0x0000000100000000)
  region size 1024K, 36 young (36864K), 5 survivors (5120K)
 Metaspace       used 79225K, committed 79872K, reserved 1179648K
  class space    used 11020K, committed 11328K, reserved 1048576K
}
Event: 6.830 GC heap after
{Heap after GC invocations=20 (full 0):
 garbage-first heap   total reserved 2017280K, committed 82944K, used 43114K [0x0000000084e00000, 0x0000000100000000)
  region size 1024K, 5 young (5120K), 5 survivors (5120K)
 Metaspace       used 79225K, committed 79872K, reserved 1179648K
  class space    used 11020K, committed 11328K, reserved 1048576K
}
Event: 7.009 GC heap before
{Heap before GC invocations=20 (full 0):
 garbage-first heap   total reserved 2017280K, committed 82944K, used 71786K [0x0000000084e00000, 0x0000000100000000)
  region size 1024K, 33 young (33792K), 5 survivors (5120K)
 Metaspace       used 80842K, committed 81472K, reserved 1179648K
  class space    used 11454K, committed 11712K, reserved 1048576K
}
Event: 7.014 GC heap after
{Heap after GC invocations=21 (full 0):
 garbage-first heap   total reserved 2017280K, committed 82944K, used 47703K [0x0000000084e00000, 0x0000000100000000)
  region size 1024K, 5 young (5120K), 5 survivors (5120K)
 Metaspace       used 80842K, committed 81472K, reserved 1179648K
  class space    used 11454K, committed 11712K, reserved 1048576K
}
Event: 7.109 GC heap before
{Heap before GC invocations=21 (full 0):
 garbage-first heap   total reserved 2017280K, committed 82944K, used 72279K [0x0000000084e00000, 0x0000000100000000)
  region size 1024K, 29 young (29696K), 5 survivors (5120K)
 Metaspace       used 80873K, committed 81472K, reserved 1179648K
  class space    used 11454K, committed 11712K, reserved 1048576K
}
Event: 7.112 GC heap after
{Heap after GC invocations=22 (full 0):
 garbage-first heap   total reserved 2017280K, committed 82944K, used 50767K [0x0000000084e00000, 0x0000000100000000)
  region size 1024K, 3 young (3072K), 3 survivors (3072K)
 Metaspace       used 80873K, committed 81472K, reserved 1179648K
  class space    used 11454K, committed 11712K, reserved 1048576K
}
Event: 7.261 GC heap before
{Heap before GC invocations=23 (full 0):
 garbage-first heap   total reserved 2017280K, committed 86016K, used 73295K [0x0000000084e00000, 0x0000000100000000)
  region size 1024K, 26 young (26624K), 3 survivors (3072K)
 Metaspace       used 83136K, committed 83776K, reserved 1179648K
  class space    used 11825K, committed 12096K, reserved 1048576K
}
Event: 7.264 GC heap after
{Heap after GC invocations=24 (full 0):
 garbage-first heap   total reserved 2017280K, committed 86016K, used 53555K [0x0000000084e00000, 0x0000000100000000)
  region size 1024K, 4 young (4096K), 4 survivors (4096K)
 Metaspace       used 83136K, committed 83776K, reserved 1179648K
  class space    used 11825K, committed 12096K, reserved 1048576K
}
Event: 7.306 GC heap before
{Heap before GC invocations=24 (full 0):
 garbage-first heap   total reserved 2017280K, committed 86016K, used 75059K [0x0000000084e00000, 0x0000000100000000)
  region size 1024K, 25 young (25600K), 4 survivors (4096K)
 Metaspace       used 83170K, committed 83776K, reserved 1179648K
  class space    used 11828K, committed 12096K, reserved 1048576K
}
Event: 7.310 GC heap after
{Heap after GC invocations=25 (full 0):
 garbage-first heap   total reserved 2017280K, committed 107520K, used 57545K [0x0000000084e00000, 0x0000000100000000)
  region size 1024K, 4 young (4096K), 4 survivors (4096K)
 Metaspace       used 83170K, committed 83776K, reserved 1179648K
  class space    used 11828K, committed 12096K, reserved 1048576K
}
Event: 7.381 GC heap before
{Heap before GC invocations=25 (full 0):
 garbage-first heap   total reserved 2017280K, committed 107520K, used 91337K [0x0000000084e00000, 0x0000000100000000)
  region size 1024K, 37 young (37888K), 4 survivors (4096K)
 Metaspace       used 83372K, committed 83968K, reserved 1179648K
  class space    used 11849K, committed 12096K, reserved 1048576K
}
Event: 7.386 GC heap after
{Heap after GC invocations=26 (full 0):
 garbage-first heap   total reserved 2017280K, committed 107520K, used 66225K [0x0000000084e00000, 0x0000000100000000)
  region size 1024K, 5 young (5120K), 5 survivors (5120K)
 Metaspace       used 83372K, committed 83968K, reserved 1179648K
  class space    used 11849K, committed 12096K, reserved 1048576K
}
Event: 7.416 GC heap before
{Heap before GC invocations=26 (full 0):
 garbage-first heap   total reserved 2017280K, committed 107520K, used 91825K [0x0000000084e00000, 0x0000000100000000)
  region size 1024K, 30 young (30720K), 5 survivors (5120K)
 Metaspace       used 83372K, committed 83968K, reserved 1179648K
  class space    used 11849K, committed 12096K, reserved 1048576K
}
Event: 7.421 GC heap after
{Heap after GC invocations=27 (full 0):
 garbage-first heap   total reserved 2017280K, committed 107520K, used 74286K [0x0000000084e00000, 0x0000000100000000)
  region size 1024K, 4 young (4096K), 4 survivors (4096K)
 Metaspace       used 83372K, committed 83968K, reserved 1179648K
  class space    used 11849K, committed 12096K, reserved 1048576K
}
Event: 7.430 GC heap before
{Heap before GC invocations=27 (full 0):
 garbage-first heap   total reserved 2017280K, committed 107520K, used 83502K [0x0000000084e00000, 0x0000000100000000)
  region size 1024K, 14 young (14336K), 4 survivors (4096K)
 Metaspace       used 83372K, committed 83968K, reserved 1179648K
  class space    used 11849K, committed 12096K, reserved 1048576K
}
Event: 7.434 GC heap after
{Heap after GC invocations=28 (full 0):
 garbage-first heap   total reserved 2017280K, committed 107520K, used 78574K [0x0000000084e00000, 0x0000000100000000)
  region size 1024K, 3 young (3072K), 3 survivors (3072K)
 Metaspace       used 83372K, committed 83968K, reserved 1179648K
  class space    used 11849K, committed 12096K, reserved 1048576K
}
Event: 7.463 GC heap before
{Heap before GC invocations=29 (full 0):
 garbage-first heap   total reserved 2017280K, committed 132096K, used 94958K [0x0000000084e00000, 0x0000000100000000)
  region size 1024K, 19 young (19456K), 3 survivors (3072K)
 Metaspace       used 83372K, committed 83968K, reserved 1179648K
  class space    used 11849K, committed 12096K, reserved 1048576K
}

